<?xml version="1.0" encoding="UTF-8"?>
<coverage generated="1549814076809" clover="3.2.0">
  <project timestamp="1549814076809" name="All files">
    <metrics statements="4" coveredstatements="3" conditionals="0" coveredconditionals="0" methods="2" coveredmethods="1" elements="6" coveredelements="4" complexity="0" loc="4" ncloc="4" packages="1" files="1" classes="1">
      <file name="List.js" path="/Users/nam/Desktop/Sandbox/src/components/List.js">
        <metrics statements="4" coveredstatements="3" conditionals="0" coveredconditionals="0" methods="2" coveredmethods="1"/>
        <line num="3" count="1" type="stmt"/>
        <line num="4" count="1" type="stmt"/>
        <line num="5" count="1" type="stmt"/>
        <line num="7" count="0" type="stmt"/>
      </file>
    </metrics>
  </project>
</coverage>
